2018-11-09 16:33:35,572 - Log4JLogChute initialized using file 'velocity.log'
2018-11-09 16:33:35,572 - Initializing Velocity, Calling init()...
2018-11-09 16:33:35,572 - Starting Apache Velocity v1.7 (compiled: 2010-11-19 12:14:37)
2018-11-09 16:33:35,572 - Default Properties File: org\apache\velocity\runtime\defaults\velocity.properties
2018-11-09 16:33:35,572 - Trying to use logger class org.apache.velocity.runtime.log.AvalonLogChute
2018-11-09 16:33:35,572 - Target log system for org.apache.velocity.runtime.log.AvalonLogChute is not available (java.lang.NoClassDefFoundError: org/apache/log/format/Formatter).  Falling back to next log system...
2018-11-09 16:33:35,572 - Trying to use logger class org.apache.velocity.runtime.log.Log4JLogChute
2018-11-09 16:33:35,572 - Using logger class org.apache.velocity.runtime.log.Log4JLogChute
2018-11-09 16:33:35,572 - ResourceLoader instantiated: org.apache.velocity.runtime.resource.loader.ClasspathResourceLoader
2018-11-09 16:33:35,582 - ResourceCache: initialized (class org.apache.velocity.runtime.resource.ResourceCacheImpl) with class java.util.Collections$SynchronizedMap cache map.
2018-11-09 16:33:35,582 - Loaded System Directive: org.apache.velocity.runtime.directive.Stop
2018-11-09 16:33:35,582 - Loaded System Directive: org.apache.velocity.runtime.directive.Define
2018-11-09 16:33:35,592 - Loaded System Directive: org.apache.velocity.runtime.directive.Break
2018-11-09 16:33:35,592 - Loaded System Directive: org.apache.velocity.runtime.directive.Evaluate
2018-11-09 16:33:35,592 - Loaded System Directive: org.apache.velocity.runtime.directive.Literal
2018-11-09 16:33:35,592 - Loaded System Directive: org.apache.velocity.runtime.directive.Macro
2018-11-09 16:33:35,592 - Loaded System Directive: org.apache.velocity.runtime.directive.Parse
2018-11-09 16:33:35,592 - Loaded System Directive: org.apache.velocity.runtime.directive.Include
2018-11-09 16:33:35,592 - Loaded System Directive: org.apache.velocity.runtime.directive.Foreach
2018-11-09 16:33:35,612 - Created '20' parsers.
2018-11-09 16:33:35,612 - Velocimacro : "velocimacro.library" is not set.  Trying default library: VM_global_library.vm
2018-11-09 16:33:35,612 - Could not load resource 'VM_global_library.vm' from ResourceLoader org.apache.velocity.runtime.resource.loader.ClasspathResourceLoader: ClasspathResourceLoader Error: cannot find resource VM_global_library.vm
2018-11-09 16:33:35,612 - Velocimacro : Default library not found.
2018-11-09 16:33:35,612 - Velocimacro : allowInline = true : VMs can be defined inline in templates
2018-11-09 16:33:35,612 - Velocimacro : allowInlineToOverride = false : VMs defined inline may NOT replace previous VM definitions
2018-11-09 16:33:35,612 - Velocimacro : allowInlineLocal = false : VMs defined inline will be global in scope if allowed.
2018-11-09 16:33:35,612 - Velocimacro : autoload off : VM system will not automatically reload global library macros
2018-11-09 16:33:35,612 - ResourceManager : unable to find resource 'vmfiles/executor/mixed/mixedbinaryoutnonzaexecutor.vm' in any resource loader.
2018-11-09 16:33:35,622 - ResourceManager : unable to find resource 'vmfiles/executor/simple/simplebinaryinzaexecutor.vm' in any resource loader.
2018-11-09 16:33:35,632 - ResourceManager : unable to find resource 'vmfiles/executor/simple/simpledotexecutor.vm' in any resource loader.
2018-11-09 16:33:35,632 - ResourceManager : unable to find resource 'vmfiles/executor/mixed/mixedbinaryinzaexecutor.vm' in any resource loader.
2018-11-09 16:33:35,632 - ResourceManager : unable to find resource 'vmfiles/storage/sparsestorage.vm' in any resource loader.
2018-11-09 16:33:35,642 - ResourceManager : unable to find resource 'vmfiles/vector/simplevector.vm' in any resource loader.
2018-11-09 16:33:35,642 - ResourceManager : unable to find resource 'vmfiles/matrix/blasmatrix.vm' in any resource loader.
2018-11-09 16:33:35,652 - ResourceManager : unable to find resource 'vmfiles/vector/compvector.vm' in any resource loader.
2018-11-09 16:33:35,652 - ResourceManager : unable to find resource 'vmfiles/executor/simple/simplebinaryinnonzaexecutor.vm' in any resource loader.
2018-11-09 16:33:35,662 - ResourceManager : unable to find resource 'vmfiles/executor/comp/compdotexecutor.vm' in any resource loader.
2018-11-09 16:33:35,662 - ResourceManager : unable to find resource 'vmfiles/storage/densestorage.vm' in any resource loader.
2018-11-09 16:33:35,662 - ResourceManager : unable to find resource 'vmfiles/executor/matrix/dotmatrixexecutor.vm' in any resource loader.
2018-11-09 16:33:35,672 - ResourceManager : unable to find resource 'vmfiles/executor/simple/simplebinaryoutnonzaexecutor.vm' in any resource loader.
2018-11-09 16:33:35,672 - ResourceManager : unable to find resource 'vmfiles/executor/mixed/mixeddotexecutor.vm' in any resource loader.
2018-11-09 16:33:35,682 - ResourceManager : unable to find resource 'vmfiles/executor/simple/simplebinaryoutzaexecutor.vm' in any resource loader.
2018-11-09 16:33:35,682 - ResourceManager : unable to find resource 'vmfiles/matrix/rbmatrix.vm' in any resource loader.
2018-11-09 16:33:35,692 - ResourceManager : unable to find resource 'vmfiles/executor/matrix/binarymatrixexecutor.vm' in any resource loader.
2018-11-09 16:33:35,692 - ResourceManager : unable to find resource 'vmfiles/executor/mixed/mixedbinaryinnonzaexecutor.vm' in any resource loader.
2018-11-09 16:33:35,692 - ResourceManager : unable to find resource 'vmfiles/executor/comp/compreduceexecutor.vm' in any resource loader.
2018-11-09 16:33:35,702 - ResourceManager : unable to find resource 'vmfiles/executor/simple/simpleunaryexecutor.vm' in any resource loader.
2018-11-09 16:33:35,702 - ResourceManager : unable to find resource 'vmfiles/executor/comp/compunaryexecutor.vm' in any resource loader.
2018-11-09 16:33:35,712 - ResourceManager : unable to find resource 'vmfiles/executor/mixed/mixedbinaryoutzaexecutor.vm' in any resource loader.
2018-11-09 16:33:35,712 - ResourceManager : unable to find resource 'vmfiles/executor/comp/compbinaryexecutor.vm' in any resource loader.
2018-11-09 16:33:35,722 - ResourceManager : unable to find resource 'vmfiles/storage/sortedstorage.vm' in any resource loader.
2018-11-09 16:44:32,896 - Log4JLogChute initialized using file 'velocity.log'
2018-11-09 16:44:32,896 - Initializing Velocity, Calling init()...
2018-11-09 16:44:32,896 - Starting Apache Velocity v1.7 (compiled: 2010-11-19 12:14:37)
2018-11-09 16:44:32,896 - Default Properties File: org\apache\velocity\runtime\defaults\velocity.properties
2018-11-09 16:44:32,897 - Trying to use logger class org.apache.velocity.runtime.log.AvalonLogChute
2018-11-09 16:44:32,897 - Target log system for org.apache.velocity.runtime.log.AvalonLogChute is not available (java.lang.NoClassDefFoundError: org/apache/log/format/Formatter).  Falling back to next log system...
2018-11-09 16:44:32,897 - Trying to use logger class org.apache.velocity.runtime.log.Log4JLogChute
2018-11-09 16:44:32,897 - Using logger class org.apache.velocity.runtime.log.Log4JLogChute
2018-11-09 16:44:32,899 - ResourceLoader instantiated: org.apache.velocity.runtime.resource.loader.ClasspathResourceLoader
2018-11-09 16:44:32,907 - ResourceCache: initialized (class org.apache.velocity.runtime.resource.ResourceCacheImpl) with class java.util.Collections$SynchronizedMap cache map.
2018-11-09 16:44:32,907 - Loaded System Directive: org.apache.velocity.runtime.directive.Stop
2018-11-09 16:44:32,908 - Loaded System Directive: org.apache.velocity.runtime.directive.Define
2018-11-09 16:44:32,908 - Loaded System Directive: org.apache.velocity.runtime.directive.Break
2018-11-09 16:44:32,909 - Loaded System Directive: org.apache.velocity.runtime.directive.Evaluate
2018-11-09 16:44:32,909 - Loaded System Directive: org.apache.velocity.runtime.directive.Literal
2018-11-09 16:44:32,910 - Loaded System Directive: org.apache.velocity.runtime.directive.Macro
2018-11-09 16:44:32,911 - Loaded System Directive: org.apache.velocity.runtime.directive.Parse
2018-11-09 16:44:32,911 - Loaded System Directive: org.apache.velocity.runtime.directive.Include
2018-11-09 16:44:32,912 - Loaded System Directive: org.apache.velocity.runtime.directive.Foreach
2018-11-09 16:44:32,933 - Created '20' parsers.
2018-11-09 16:44:32,937 - Velocimacro : "velocimacro.library" is not set.  Trying default library: VM_global_library.vm
2018-11-09 16:44:32,938 - Could not load resource 'VM_global_library.vm' from ResourceLoader org.apache.velocity.runtime.resource.loader.ClasspathResourceLoader: ClasspathResourceLoader Error: cannot find resource VM_global_library.vm
2018-11-09 16:44:32,938 - Velocimacro : Default library not found.
2018-11-09 16:44:32,938 - Velocimacro : allowInline = true : VMs can be defined inline in templates
2018-11-09 16:44:32,938 - Velocimacro : allowInlineToOverride = false : VMs defined inline may NOT replace previous VM definitions
2018-11-09 16:44:32,938 - Velocimacro : allowInlineLocal = false : VMs defined inline will be global in scope if allowed.
2018-11-09 16:44:32,938 - Velocimacro : autoload off : VM system will not automatically reload global library macros
2018-11-09 16:44:32,956 - ResourceManager : found vmfiles/executor/mixed/mixedbinaryoutnonzaexecutor.vm with loader org.apache.velocity.runtime.resource.loader.ClasspathResourceLoader
2018-11-09 16:44:32,982 - ResourceManager : found vmfiles/executor/simple/simplebinaryinzaexecutor.vm with loader org.apache.velocity.runtime.resource.loader.ClasspathResourceLoader
2018-11-09 16:44:32,998 - ResourceManager : found vmfiles/executor/simple/simpledotexecutor.vm with loader org.apache.velocity.runtime.resource.loader.ClasspathResourceLoader
2018-11-09 16:44:33,006 - ResourceManager : found vmfiles/executor/mixed/mixedbinaryinzaexecutor.vm with loader org.apache.velocity.runtime.resource.loader.ClasspathResourceLoader
2018-11-09 16:44:33,012 - ResourceManager : found vmfiles/storage/sparsestorage.vm with loader org.apache.velocity.runtime.resource.loader.ClasspathResourceLoader
2018-11-09 16:44:33,025 - ResourceManager : found vmfiles/vector/simplevector.vm with loader org.apache.velocity.runtime.resource.loader.ClasspathResourceLoader
2018-11-09 16:44:33,039 - ResourceManager : found vmfiles/matrix/blasmatrix.vm with loader org.apache.velocity.runtime.resource.loader.ClasspathResourceLoader
2018-11-09 16:44:33,049 - ResourceManager : found vmfiles/vector/compvector.vm with loader org.apache.velocity.runtime.resource.loader.ClasspathResourceLoader
2018-11-09 16:44:33,061 - ResourceManager : found vmfiles/executor/simple/simplebinaryinnonzaexecutor.vm with loader org.apache.velocity.runtime.resource.loader.ClasspathResourceLoader
2018-11-09 16:44:33,066 - ResourceManager : found vmfiles/executor/comp/compdotexecutor.vm with loader org.apache.velocity.runtime.resource.loader.ClasspathResourceLoader
2018-11-09 16:44:33,070 - ResourceManager : found vmfiles/storage/densestorage.vm with loader org.apache.velocity.runtime.resource.loader.ClasspathResourceLoader
2018-11-09 16:44:33,084 - ResourceManager : found vmfiles/executor/matrix/dotmatrixexecutor.vm with loader org.apache.velocity.runtime.resource.loader.ClasspathResourceLoader
2018-11-09 16:44:33,091 - ResourceManager : found vmfiles/executor/simple/simplebinaryoutnonzaexecutor.vm with loader org.apache.velocity.runtime.resource.loader.ClasspathResourceLoader
2018-11-09 16:44:33,099 - ResourceManager : found vmfiles/executor/mixed/mixeddotexecutor.vm with loader org.apache.velocity.runtime.resource.loader.ClasspathResourceLoader
2018-11-09 16:44:33,105 - ResourceManager : found vmfiles/executor/simple/simplebinaryoutzaexecutor.vm with loader org.apache.velocity.runtime.resource.loader.ClasspathResourceLoader
2018-11-09 16:44:33,114 - ResourceManager : found vmfiles/matrix/rbmatrix.vm with loader org.apache.velocity.runtime.resource.loader.ClasspathResourceLoader
2018-11-09 16:44:33,138 - ResourceManager : found vmfiles/executor/matrix/binarymatrixexecutor.vm with loader org.apache.velocity.runtime.resource.loader.ClasspathResourceLoader
2018-11-09 16:44:33,142 - ResourceManager : found vmfiles/executor/mixed/mixedbinaryinnonzaexecutor.vm with loader org.apache.velocity.runtime.resource.loader.ClasspathResourceLoader
2018-11-09 16:44:33,149 - ResourceManager : found vmfiles/executor/comp/compreduceexecutor.vm with loader org.apache.velocity.runtime.resource.loader.ClasspathResourceLoader
2018-11-09 16:44:33,151 - ResourceManager : found vmfiles/executor/simple/simpleunaryexecutor.vm with loader org.apache.velocity.runtime.resource.loader.ClasspathResourceLoader
2018-11-09 16:44:33,156 - ResourceManager : found vmfiles/executor/comp/compunaryexecutor.vm with loader org.apache.velocity.runtime.resource.loader.ClasspathResourceLoader
2018-11-09 16:44:33,160 - ResourceManager : found vmfiles/executor/mixed/mixedbinaryoutzaexecutor.vm with loader org.apache.velocity.runtime.resource.loader.ClasspathResourceLoader
2018-11-09 16:44:33,165 - ResourceManager : found vmfiles/executor/comp/compbinaryexecutor.vm with loader org.apache.velocity.runtime.resource.loader.ClasspathResourceLoader
2018-11-09 16:44:33,170 - ResourceManager : found vmfiles/storage/sortedstorage.vm with loader org.apache.velocity.runtime.resource.loader.ClasspathResourceLoader
